0 info it worked if it ends with ok
1 verbose cli [ 'node', '/usr/local/bin/npm', 'i', '--save', 'child-process' ]
2 info using npm@2.10.1
3 info using node@v0.12.4
4 verbose node symlink /usr/local/bin/node
5 verbose install initial load of /Users/codycallahan/dotfiles/.config/ubersicht/widgets/bar/package.json
6 verbose installManyTop reading scoped package data from /Users/codycallahan/dotfiles/.config/ubersicht/widgets/bar/node_modules/body-parser/package.json
7 verbose installManyTop reading scoped package data from /Users/codycallahan/dotfiles/.config/ubersicht/widgets/bar/node_modules/express/package.json
8 verbose installManyTop reading scoped package data from /Users/codycallahan/dotfiles/.config/ubersicht/widgets/bar/node_modules/shelljs/package.json
9 info package.json shelljs@0.5.3 license should be a valid SPDX license expression
10 verbose readDependencies loading dependencies from /Users/codycallahan/dotfiles/.config/ubersicht/widgets/bar/package.json
11 silly cache add args [ 'child-process', null ]
12 verbose cache add spec child-process
13 silly cache add parsed spec { raw: 'child-process',
13 silly cache add   scope: null,
13 silly cache add   name: 'child-process',
13 silly cache add   rawSpec: '',
13 silly cache add   spec: '*',
13 silly cache add   type: 'range' }
14 silly addNamed child-process@*
15 verbose addNamed "*" is a valid semver range for child-process
16 silly addNameRange { name: 'child-process', range: '*', hasData: false }
17 silly mapToRegistry name child-process
18 silly mapToRegistry using default registry
19 silly mapToRegistry registry https://registry.npmjs.org/
20 silly mapToRegistry uri https://registry.npmjs.org/child-process
21 verbose addNameRange registry:https://registry.npmjs.org/child-process not in flight; fetching
22 verbose request uri https://registry.npmjs.org/child-process
23 verbose request no auth needed
24 info attempt registry request try #1 at 12:40:08
25 verbose request using bearer token for auth
26 verbose request id db2fa99e89b7250c
27 http request GET https://registry.npmjs.org/child-process
28 http 404 https://registry.npmjs.org/child-process
29 verbose headers { 'content-type': 'application/json',
29 verbose headers   'cache-control': 'max-age=0',
29 verbose headers   'content-length': '2',
29 verbose headers   'accept-ranges': 'bytes',
29 verbose headers   date: 'Sun, 10 Jan 2016 20:40:08 GMT',
29 verbose headers   via: '1.1 varnish',
29 verbose headers   connection: 'keep-alive',
29 verbose headers   'x-served-by': 'cache-lax1434-LAX',
29 verbose headers   'x-cache': 'MISS',
29 verbose headers   'x-cache-hits': '0',
29 verbose headers   'x-timer': 'S1452458408.528416,VS0,VE86' }
30 silly get cb [ 404,
30 silly get   { 'content-type': 'application/json',
30 silly get     'cache-control': 'max-age=0',
30 silly get     'content-length': '2',
30 silly get     'accept-ranges': 'bytes',
30 silly get     date: 'Sun, 10 Jan 2016 20:40:08 GMT',
30 silly get     via: '1.1 varnish',
30 silly get     connection: 'keep-alive',
30 silly get     'x-served-by': 'cache-lax1434-LAX',
30 silly get     'x-cache': 'MISS',
30 silly get     'x-cache-hits': '0',
30 silly get     'x-timer': 'S1452458408.528416,VS0,VE86' } ]
31 verbose stack Error: Registry returned 404 for GET on https://registry.npmjs.org/child-process
31 verbose stack     at CachingRegistryClient.<anonymous> (/usr/local/lib/node_modules/npm/node_modules/npm-registry-client/lib/request.js:239:14)
31 verbose stack     at Request._callback (/usr/local/lib/node_modules/npm/node_modules/npm-registry-client/lib/request.js:170:14)
31 verbose stack     at Request.self.callback (/usr/local/lib/node_modules/npm/node_modules/request/request.js:368:22)
31 verbose stack     at Request.emit (events.js:110:17)
31 verbose stack     at Request.<anonymous> (/usr/local/lib/node_modules/npm/node_modules/request/request.js:1219:14)
31 verbose stack     at Request.emit (events.js:129:20)
31 verbose stack     at IncomingMessage.<anonymous> (/usr/local/lib/node_modules/npm/node_modules/request/request.js:1167:12)
31 verbose stack     at IncomingMessage.emit (events.js:129:20)
31 verbose stack     at _stream_readable.js:908:16
31 verbose stack     at process._tickCallback (node.js:355:11)
32 verbose statusCode 404
33 verbose pkgid child-process
34 verbose cwd /Users/codycallahan/dotfiles/.config/ubersicht/widgets/bar
35 error Darwin 15.0.0
36 error argv "node" "/usr/local/bin/npm" "i" "--save" "child-process"
37 error node v0.12.4
38 error npm  v2.10.1
39 error code E404
40 error 404 Registry returned 404 for GET on https://registry.npmjs.org/child-process
40 error 404
40 error 404 'child-process' is not in the npm registry.
40 error 404 You should bug the author to publish it (or use the name yourself!)
40 error 404
40 error 404 Note that you can also install from a
40 error 404 tarball, folder, http url, or git url.
41 verbose exit [ 1, true ]
